Base path: H:/Program files/Unity/Editor/Data
Pipe name: \\.\pipe\UnityShaderCompiler-2-1488
Cmd: getPlatforms
Cmd: compileSnippet
  api=5 type=0 insize=4543 outsize=3052 kw=DIRECTIONAL LIGHTMAP_OFF DIRLIGHTMAP_OFF ok=1
Cmd: compileSnippet
  api=5 type=0 insize=4543 outsize=1792 kw=DIRECTIONAL LIGHTMAP_ON DIRLIGHTMAP_OFF ok=1
Cmd: compileSnippet
  api=5 type=0 insize=4543 outsize=1792 kw=DIRECTIONAL LIGHTMAP_ON DIRLIGHTMAP_ON ok=1
Cmd: compileSnippet
  api=5 type=0 insize=4543 outsize=4138 kw=DIRECTIONAL LIGHTMAP_OFF DIRLIGHTMAP_OFF VERTEXLIGHT_ON ok=1
Cmd: compileSnippet
  api=9 type=1 insize=4543 outsize=7 kw=DIRECTIONAL LIGHTMAP_OFF DIRLIGHTMAP_OFF ok=1
Cmd: compileSnippet
  api=9 type=1 insize=4543 outsize=7 kw=DIRECTIONAL LIGHTMAP_ON DIRLIGHTMAP_OFF ok=1
Cmd: compileSnippet
  api=9 type=1 insize=4543 outsize=7 kw=DIRECTIONAL LIGHTMAP_ON DIRLIGHTMAP_ON ok=1
Cmd: compileSnippet
  api=9 type=0 insize=2509 outsize=1752 kw=POINT ok=1
Cmd: compileSnippet
  api=9 type=0 insize=2509 outsize=1578 kw=DIRECTIONAL ok=1
Cmd: compileSnippet
  api=9 type=0 insize=2509 outsize=1748 kw=SPOT ok=1
Cmd: compileSnippet
  api=9 type=0 insize=2509 outsize=1752 kw=POINT_COOKIE ok=1
Cmd: compileSnippet
  api=9 type=0 insize=2509 outsize=1712 kw=DIRECTIONAL_COOKIE ok=1
Cmd: compileSnippet
  api=9 type=1 insize=2509 outsize=7 kw=POINT ok=1
Cmd: compileSnippet
  api=9 type=1 insize=2509 outsize=7 kw=DIRECTIONAL ok=1
Cmd: compileSnippet
  api=9 type=1 insize=2509 outsize=7 kw=SPOT ok=1
Cmd: compileSnippet
  api=9 type=1 insize=2509 outsize=7 kw=POINT_COOKIE ok=1
Cmd: compileSnippet
  api=9 type=1 insize=2509 outsize=7 kw=DIRECTIONAL_COOKIE ok=1
Unhandled exception: Readfile from pipe failed. GLE=Канал был закрыт.


Quitting shader compiler process
